{"C:\\Compass\\Sprint-4\\Semana-8\\seubarriga\\knexfile.js": {"path":"C:\\Compass\\Sprint-4\\Semana-8\\seubarriga\\knexfile.js","statementMap":{"0":{"start":{"line":1,"column":43},"end":{"line":1,"column":69}},"1":{"start":{"line":3,"column":0},"end":{"line":21,"column":1}}},"fnMap":{},"branchMap":{},"s":{"0":7,"1":7},"f":{},"b":{},"_coverageSchema":"332fd63041d2c1bcb487cc26dd0d5f7d97098a6c","hash":"554f8e1e8989a8add3392bd29cc32308313d929d"}
,"C:\\Compass\\Sprint-4\\Semana-8\\seubarriga\\src\\app.js": {"path":"C:\\Compass\\Sprint-4\\Semana-8\\seubarriga\\src\\app.js","statementMap":{"0":{"start":{"line":1,"column":16},"end":{"line":1,"column":34}},"1":{"start":{"line":2,"column":12},"end":{"line":2,"column":21}},"2":{"start":{"line":3,"column":13},"end":{"line":3,"column":28}},"3":{"start":{"line":4,"column":17},"end":{"line":4,"column":39}},"4":{"start":{"line":7,"column":0},"end":{"line":7,"column":28}},"5":{"start":{"line":10,"column":16},"end":{"line":10,"column":34}},"6":{"start":{"line":12,"column":0},"end":{"line":18,"column":10}},"7":{"start":{"line":20,"column":0},"end":{"line":22,"column":2}},"8":{"start":{"line":21,"column":4},"end":{"line":21,"column":26}},"9":{"start":{"line":24,"column":0},"end":{"line":30,"column":2}},"10":{"start":{"line":25,"column":37},"end":{"line":25,"column":40}},"11":{"start":{"line":26,"column":4},"end":{"line":26,"column":74}},"12":{"start":{"line":26,"column":36},"end":{"line":26,"column":74}},"13":{"start":{"line":27,"column":4},"end":{"line":28,"column":53}},"14":{"start":{"line":27,"column":41},"end":{"line":27,"column":79}},"15":{"start":{"line":28,"column":9},"end":{"line":28,"column":53}},"16":{"start":{"line":29,"column":4},"end":{"line":29,"column":13}},"17":{"start":{"line":38,"column":0},"end":{"line":38,"column":20}}},"fnMap":{"0":{"name":"(anonymous_0)","decl":{"start":{"line":20,"column":13},"end":{"line":20,"column":14}},"loc":{"start":{"line":20,"column":27},"end":{"line":22,"column":1}},"line":20},"1":{"name":"(anonymous_1)","decl":{"start":{"line":24,"column":8},"end":{"line":24,"column":9}},"loc":{"start":{"line":24,"column":33},"end":{"line":30,"column":1}},"line":24}},"branchMap":{"0":{"loc":{"start":{"line":26,"column":4},"end":{"line":26,"column":74}},"type":"if","locations":[{"start":{"line":26,"column":4},"end":{"line":26,"column":74}},{"start":{"line":26,"column":4},"end":{"line":26,"column":74}}],"line":26},"1":{"loc":{"start":{"line":27,"column":4},"end":{"line":28,"column":53}},"type":"if","locations":[{"start":{"line":27,"column":4},"end":{"line":28,"column":53}},{"start":{"line":27,"column":4},"end":{"line":28,"column":53}}],"line":27}},"s":{"0":7,"1":7,"2":7,"3":7,"4":7,"5":7,"6":7,"7":7,"8":1,"9":7,"10":34,"11":34,"12":29,"13":34,"14":5,"15":29,"16":5,"17":7},"f":{"0":1,"1":34},"b":{"0":[29,5],"1":[5,29]},"_coverageSchema":"332fd63041d2c1bcb487cc26dd0d5f7d97098a6c","hash":"25e8a904b9ffe4175711c9fa28bee43c3f70640d"}
,"C:\\Compass\\Sprint-4\\Semana-8\\seubarriga\\src\\config\\middlewares.js": {"path":"C:\\Compass\\Sprint-4\\Semana-8\\seubarriga\\src\\config\\middlewares.js","statementMap":{"0":{"start":{"line":1,"column":16},"end":{"line":1,"column":34}},"1":{"start":{"line":3,"column":0},"end":{"line":5,"column":1}},"2":{"start":{"line":4,"column":4},"end":{"line":4,"column":27}}},"fnMap":{"0":{"name":"(anonymous_0)","decl":{"start":{"line":3,"column":17},"end":{"line":3,"column":18}},"loc":{"start":{"line":3,"column":26},"end":{"line":5,"column":1}},"line":3}},"branchMap":{},"s":{"0":7,"1":7,"2":7},"f":{"0":7},"b":{},"_coverageSchema":"332fd63041d2c1bcb487cc26dd0d5f7d97098a6c","hash":"430f16e81a71b79e64d4752d760bcfb53785d049"}
,"C:\\Compass\\Sprint-4\\Semana-8\\seubarriga\\src\\config\\passport.js": {"path":"C:\\Compass\\Sprint-4\\Semana-8\\seubarriga\\src\\config\\passport.js","statementMap":{"0":{"start":{"line":1,"column":17},"end":{"line":1,"column":36}},"1":{"start":{"line":2,"column":20},"end":{"line":2,"column":43}},"2":{"start":{"line":4,"column":15},"end":{"line":4,"column":25}},"3":{"start":{"line":6,"column":33},"end":{"line":6,"column":44}},"4":{"start":{"line":8,"column":0},"end":{"line":26,"column":1}},"5":{"start":{"line":9,"column":19},"end":{"line":12,"column":5}},"6":{"start":{"line":14,"column":21},"end":{"line":19,"column":6}},"7":{"start":{"line":15,"column":8},"end":{"line":18,"column":41}},"8":{"start":{"line":16,"column":12},"end":{"line":17,"column":34}},"9":{"start":{"line":16,"column":21},"end":{"line":16,"column":45}},"10":{"start":{"line":17,"column":17},"end":{"line":17,"column":34}},"11":{"start":{"line":18,"column":24},"end":{"line":18,"column":40}},"12":{"start":{"line":21,"column":4},"end":{"line":21,"column":26}},"13":{"start":{"line":23,"column":4},"end":{"line":25,"column":6}},"14":{"start":{"line":24,"column":28},"end":{"line":24,"column":76}}},"fnMap":{"0":{"name":"(anonymous_0)","decl":{"start":{"line":8,"column":17},"end":{"line":8,"column":18}},"loc":{"start":{"line":8,"column":26},"end":{"line":26,"column":1}},"line":8},"1":{"name":"(anonymous_1)","decl":{"start":{"line":14,"column":42},"end":{"line":14,"column":43}},"loc":{"start":{"line":14,"column":61},"end":{"line":19,"column":5}},"line":14},"2":{"name":"(anonymous_2)","decl":{"start":{"line":15,"column":59},"end":{"line":15,"column":60}},"loc":{"start":{"line":15,"column":69},"end":{"line":18,"column":9}},"line":15},"3":{"name":"(anonymous_3)","decl":{"start":{"line":18,"column":17},"end":{"line":18,"column":18}},"loc":{"start":{"line":18,"column":24},"end":{"line":18,"column":40}},"line":18},"4":{"name":"(anonymous_4)","decl":{"start":{"line":24,"column":22},"end":{"line":24,"column":23}},"loc":{"start":{"line":24,"column":28},"end":{"line":24,"column":76}},"line":24}},"branchMap":{"0":{"loc":{"start":{"line":16,"column":12},"end":{"line":17,"column":34}},"type":"if","locations":[{"start":{"line":16,"column":12},"end":{"line":17,"column":34}},{"start":{"line":16,"column":12},"end":{"line":17,"column":34}}],"line":16}},"s":{"0":7,"1":7,"2":7,"3":7,"4":7,"5":7,"6":7,"7":72,"8":72,"9":72,"10":0,"11":0,"12":7,"13":7,"14":7},"f":{"0":7,"1":72,"2":72,"3":0,"4":7},"b":{"0":[72,0]},"_coverageSchema":"332fd63041d2c1bcb487cc26dd0d5f7d97098a6c","hash":"f9a451fc93bfa2a610c3d38eea1323ce8bf8fcd8"}
,"C:\\Compass\\Sprint-4\\Semana-8\\seubarriga\\src\\config\\router.js": {"path":"C:\\Compass\\Sprint-4\\Semana-8\\seubarriga\\src\\config\\router.js","statementMap":{"0":{"start":{"line":1,"column":16},"end":{"line":1,"column":34}},"1":{"start":{"line":3,"column":0},"end":{"line":17,"column":1}},"2":{"start":{"line":4,"column":4},"end":{"line":4,"column":44}},"3":{"start":{"line":5,"column":28},"end":{"line":5,"column":44}},"4":{"start":{"line":7,"column":4},"end":{"line":7,"column":58}},"5":{"start":{"line":8,"column":4},"end":{"line":8,"column":64}},"6":{"start":{"line":9,"column":4},"end":{"line":9,"column":72}},"7":{"start":{"line":10,"column":4},"end":{"line":10,"column":66}},"8":{"start":{"line":11,"column":4},"end":{"line":11,"column":62}},"9":{"start":{"line":13,"column":4},"end":{"line":13,"column":71}},"10":{"start":{"line":15,"column":4},"end":{"line":15,"column":72}},"11":{"start":{"line":15,"column":39},"end":{"line":15,"column":71}},"12":{"start":{"line":16,"column":4},"end":{"line":16,"column":35}}},"fnMap":{"0":{"name":"(anonymous_0)","decl":{"start":{"line":3,"column":17},"end":{"line":3,"column":18}},"loc":{"start":{"line":3,"column":26},"end":{"line":17,"column":1}},"line":3},"1":{"name":"(anonymous_1)","decl":{"start":{"line":15,"column":25},"end":{"line":15,"column":26}},"loc":{"start":{"line":15,"column":39},"end":{"line":15,"column":71}},"line":15}},"branchMap":{},"s":{"0":7,"1":7,"2":7,"3":7,"4":7,"5":7,"6":7,"7":7,"8":7,"9":7,"10":7,"11":0,"12":7},"f":{"0":7,"1":0},"b":{},"_coverageSchema":"332fd63041d2c1bcb487cc26dd0d5f7d97098a6c","hash":"e4c4a1ad0ed2d442a6acf306df2fde2d77b71779"}
,"C:\\Compass\\Sprint-4\\Semana-8\\seubarriga\\src\\errors\\RecursoIndevidoError.js": {"path":"C:\\Compass\\Sprint-4\\Semana-8\\seubarriga\\src\\errors\\RecursoIndevidoError.js","statementMap":{"0":{"start":{"line":1,"column":0},"end":{"line":4,"column":1}},"1":{"start":{"line":2,"column":4},"end":{"line":2,"column":38}},"2":{"start":{"line":3,"column":4},"end":{"line":3,"column":26}}},"fnMap":{"0":{"name":"RecursoIndevidoError","decl":{"start":{"line":1,"column":26},"end":{"line":1,"column":46}},"loc":{"start":{"line":1,"column":97},"end":{"line":4,"column":1}},"line":1}},"branchMap":{"0":{"loc":{"start":{"line":1,"column":47},"end":{"line":1,"column":95}},"type":"default-arg","locations":[{"start":{"line":1,"column":57},"end":{"line":1,"column":95}}],"line":1}},"s":{"0":7,"1":5,"2":5},"f":{"0":5},"b":{"0":[5]},"_coverageSchema":"332fd63041d2c1bcb487cc26dd0d5f7d97098a6c","hash":"1cf5cf1c4d7c8e01a143350b7232cb2b5a1ebb97"}
,"C:\\Compass\\Sprint-4\\Semana-8\\seubarriga\\src\\errors\\ValidationError.js": {"path":"C:\\Compass\\Sprint-4\\Semana-8\\seubarriga\\src\\errors\\ValidationError.js","statementMap":{"0":{"start":{"line":1,"column":0},"end":{"line":4,"column":1}},"1":{"start":{"line":2,"column":4},"end":{"line":2,"column":33}},"2":{"start":{"line":3,"column":4},"end":{"line":3,"column":26}}},"fnMap":{"0":{"name":"ValidationError","decl":{"start":{"line":1,"column":26},"end":{"line":1,"column":41}},"loc":{"start":{"line":1,"column":51},"end":{"line":4,"column":1}},"line":1}},"branchMap":{},"s":{"0":7,"1":29,"2":29},"f":{"0":29},"b":{},"_coverageSchema":"332fd63041d2c1bcb487cc26dd0d5f7d97098a6c","hash":"a9533132bf40a70d7e180d2086cdb0b62160dce4"}
,"C:\\Compass\\Sprint-4\\Semana-8\\seubarriga\\src\\routes\\accounts_routes.js": {"path":"C:\\Compass\\Sprint-4\\Semana-8\\seubarriga\\src\\routes\\accounts_routes.js","statementMap":{"0":{"start":{"line":1,"column":16},"end":{"line":1,"column":34}},"1":{"start":{"line":2,"column":29},"end":{"line":2,"column":70}},"2":{"start":{"line":4,"column":0},"end":{"line":45,"column":1}},"3":{"start":{"line":5,"column":19},"end":{"line":5,"column":35}},"4":{"start":{"line":7,"column":4},"end":{"line":12,"column":6}},"5":{"start":{"line":8,"column":8},"end":{"line":11,"column":34}},"6":{"start":{"line":9,"column":12},"end":{"line":10,"column":23}},"7":{"start":{"line":9,"column":44},"end":{"line":9,"column":76}},"8":{"start":{"line":10,"column":17},"end":{"line":10,"column":23}},"9":{"start":{"line":11,"column":24},"end":{"line":11,"column":33}},"10":{"start":{"line":14,"column":4},"end":{"line":18,"column":6}},"11":{"start":{"line":15,"column":8},"end":{"line":17,"column":34}},"12":{"start":{"line":16,"column":12},"end":{"line":16,"column":50}},"13":{"start":{"line":17,"column":24},"end":{"line":17,"column":33}},"14":{"start":{"line":20,"column":4},"end":{"line":24,"column":6}},"15":{"start":{"line":21,"column":8},"end":{"line":23,"column":34}},"16":{"start":{"line":22,"column":12},"end":{"line":22,"column":47}},"17":{"start":{"line":23,"column":24},"end":{"line":23,"column":33}},"18":{"start":{"line":26,"column":4},"end":{"line":30,"column":6}},"19":{"start":{"line":27,"column":8},"end":{"line":29,"column":32}},"20":{"start":{"line":28,"column":24},"end":{"line":28,"column":52}},"21":{"start":{"line":29,"column":22},"end":{"line":29,"column":31}},"22":{"start":{"line":32,"column":4},"end":{"line":36,"column":6}},"23":{"start":{"line":33,"column":8},"end":{"line":35,"column":34}},"24":{"start":{"line":34,"column":12},"end":{"line":34,"column":50}},"25":{"start":{"line":35,"column":24},"end":{"line":35,"column":33}},"26":{"start":{"line":38,"column":4},"end":{"line":42,"column":6}},"27":{"start":{"line":39,"column":8},"end":{"line":41,"column":34}},"28":{"start":{"line":40,"column":11},"end":{"line":40,"column":40}},"29":{"start":{"line":41,"column":24},"end":{"line":41,"column":33}},"30":{"start":{"line":44,"column":4},"end":{"line":44,"column":17}}},"fnMap":{"0":{"name":"(anonymous_0)","decl":{"start":{"line":4,"column":17},"end":{"line":4,"column":18}},"loc":{"start":{"line":4,"column":26},"end":{"line":45,"column":1}},"line":4},"1":{"name":"(anonymous_1)","decl":{"start":{"line":7,"column":23},"end":{"line":7,"column":24}},"loc":{"start":{"line":7,"column":43},"end":{"line":12,"column":5}},"line":7},"2":{"name":"(anonymous_2)","decl":{"start":{"line":8,"column":60},"end":{"line":8,"column":61}},"loc":{"start":{"line":8,"column":69},"end":{"line":11,"column":9}},"line":8},"3":{"name":"(anonymous_3)","decl":{"start":{"line":11,"column":17},"end":{"line":11,"column":18}},"loc":{"start":{"line":11,"column":24},"end":{"line":11,"column":33}},"line":11},"4":{"name":"(anonymous_4)","decl":{"start":{"line":14,"column":21},"end":{"line":14,"column":22}},"loc":{"start":{"line":14,"column":41},"end":{"line":18,"column":5}},"line":14},"5":{"name":"(anonymous_5)","decl":{"start":{"line":15,"column":76},"end":{"line":15,"column":77}},"loc":{"start":{"line":15,"column":88},"end":{"line":17,"column":9}},"line":15},"6":{"name":"(anonymous_6)","decl":{"start":{"line":17,"column":17},"end":{"line":17,"column":18}},"loc":{"start":{"line":17,"column":24},"end":{"line":17,"column":33}},"line":17},"7":{"name":"(anonymous_7)","decl":{"start":{"line":20,"column":20},"end":{"line":20,"column":21}},"loc":{"start":{"line":20,"column":40},"end":{"line":24,"column":5}},"line":20},"8":{"name":"(anonymous_8)","decl":{"start":{"line":21,"column":55},"end":{"line":21,"column":56}},"loc":{"start":{"line":21,"column":67},"end":{"line":23,"column":9}},"line":21},"9":{"name":"(anonymous_9)","decl":{"start":{"line":23,"column":17},"end":{"line":23,"column":18}},"loc":{"start":{"line":23,"column":24},"end":{"line":23,"column":33}},"line":23},"10":{"name":"(anonymous_10)","decl":{"start":{"line":26,"column":23},"end":{"line":26,"column":24}},"loc":{"start":{"line":26,"column":43},"end":{"line":30,"column":5}},"line":26},"11":{"name":"(anonymous_11)","decl":{"start":{"line":28,"column":14},"end":{"line":28,"column":15}},"loc":{"start":{"line":28,"column":24},"end":{"line":28,"column":52}},"line":28},"12":{"name":"(anonymous_12)","decl":{"start":{"line":29,"column":15},"end":{"line":29,"column":16}},"loc":{"start":{"line":29,"column":22},"end":{"line":29,"column":31}},"line":29},"13":{"name":"(anonymous_13)","decl":{"start":{"line":32,"column":23},"end":{"line":32,"column":24}},"loc":{"start":{"line":32,"column":43},"end":{"line":36,"column":5}},"line":32},"14":{"name":"(anonymous_14)","decl":{"start":{"line":33,"column":66},"end":{"line":33,"column":67}},"loc":{"start":{"line":33,"column":78},"end":{"line":35,"column":9}},"line":33},"15":{"name":"(anonymous_15)","decl":{"start":{"line":35,"column":17},"end":{"line":35,"column":18}},"loc":{"start":{"line":35,"column":24},"end":{"line":35,"column":33}},"line":35},"16":{"name":"(anonymous_16)","decl":{"start":{"line":38,"column":26},"end":{"line":38,"column":27}},"loc":{"start":{"line":38,"column":46},"end":{"line":42,"column":5}},"line":38},"17":{"name":"(anonymous_17)","decl":{"start":{"line":39,"column":56},"end":{"line":39,"column":57}},"loc":{"start":{"line":39,"column":62},"end":{"line":41,"column":9}},"line":39},"18":{"name":"(anonymous_18)","decl":{"start":{"line":41,"column":17},"end":{"line":41,"column":18}},"loc":{"start":{"line":41,"column":24},"end":{"line":41,"column":33}},"line":41}},"branchMap":{"0":{"loc":{"start":{"line":9,"column":12},"end":{"line":10,"column":23}},"type":"if","locations":[{"start":{"line":9,"column":12},"end":{"line":10,"column":23}},{"start":{"line":9,"column":12},"end":{"line":10,"column":23}}],"line":9}},"s":{"0":7,"1":7,"2":7,"3":7,"4":7,"5":7,"6":7,"7":3,"8":4,"9":3,"10":7,"11":3,"12":1,"13":2,"14":7,"15":1,"16":1,"17":0,"18":7,"19":1,"20":1,"21":0,"22":7,"23":1,"24":1,"25":0,"26":7,"27":2,"28":1,"29":1,"30":7},"f":{"0":7,"1":7,"2":7,"3":3,"4":3,"5":1,"6":2,"7":1,"8":1,"9":0,"10":1,"11":1,"12":0,"13":1,"14":1,"15":0,"16":2,"17":1,"18":1},"b":{"0":[3,4]},"_coverageSchema":"332fd63041d2c1bcb487cc26dd0d5f7d97098a6c","hash":"ce425fa1cd895bd14c44e978a590a85b8182afad"}
,"C:\\Compass\\Sprint-4\\Semana-8\\seubarriga\\src\\routes\\auth_routes.js": {"path":"C:\\Compass\\Sprint-4\\Semana-8\\seubarriga\\src\\routes\\auth_routes.js","statementMap":{"0":{"start":{"line":1,"column":16},"end":{"line":1,"column":34}},"1":{"start":{"line":2,"column":12},"end":{"line":2,"column":33}},"2":{"start":{"line":3,"column":15},"end":{"line":3,"column":39}},"3":{"start":{"line":4,"column":24},"end":{"line":4,"column":60}},"4":{"start":{"line":5,"column":15},"end":{"line":5,"column":25}},"5":{"start":{"line":7,"column":0},"end":{"line":35,"column":1}},"6":{"start":{"line":8,"column":19},"end":{"line":8,"column":35}},"7":{"start":{"line":10,"column":4},"end":{"line":23,"column":6}},"8":{"start":{"line":11,"column":8},"end":{"line":22,"column":34}},"9":{"start":{"line":12,"column":12},"end":{"line":12,"column":77}},"10":{"start":{"line":12,"column":23},"end":{"line":12,"column":77}},"11":{"start":{"line":13,"column":12},"end":{"line":21,"column":73}},"12":{"start":{"line":14,"column":32},"end":{"line":18,"column":17}},"13":{"start":{"line":19,"column":30},"end":{"line":19,"column":57}},"14":{"start":{"line":20,"column":16},"end":{"line":20,"column":47}},"15":{"start":{"line":21,"column":19},"end":{"line":21,"column":73}},"16":{"start":{"line":22,"column":24},"end":{"line":22,"column":33}},"17":{"start":{"line":25,"column":4},"end":{"line":32,"column":6}},"18":{"start":{"line":26,"column":8},"end":{"line":31,"column":9}},"19":{"start":{"line":27,"column":27},"end":{"line":27,"column":65}},"20":{"start":{"line":28,"column":12},"end":{"line":28,"column":50}},"21":{"start":{"line":30,"column":12},"end":{"line":30,"column":28}},"22":{"start":{"line":34,"column":4},"end":{"line":34,"column":17}}},"fnMap":{"0":{"name":"(anonymous_0)","decl":{"start":{"line":7,"column":17},"end":{"line":7,"column":18}},"loc":{"start":{"line":7,"column":26},"end":{"line":35,"column":1}},"line":7},"1":{"name":"(anonymous_1)","decl":{"start":{"line":10,"column":27},"end":{"line":10,"column":28}},"loc":{"start":{"line":10,"column":47},"end":{"line":23,"column":5}},"line":10},"2":{"name":"(anonymous_2)","decl":{"start":{"line":11,"column":66},"end":{"line":11,"column":67}},"loc":{"start":{"line":11,"column":76},"end":{"line":22,"column":9}},"line":11},"3":{"name":"(anonymous_3)","decl":{"start":{"line":22,"column":17},"end":{"line":22,"column":18}},"loc":{"start":{"line":22,"column":24},"end":{"line":22,"column":33}},"line":22},"4":{"name":"(anonymous_4)","decl":{"start":{"line":25,"column":27},"end":{"line":25,"column":28}},"loc":{"start":{"line":25,"column":53},"end":{"line":32,"column":5}},"line":25}},"branchMap":{"0":{"loc":{"start":{"line":12,"column":12},"end":{"line":12,"column":77}},"type":"if","locations":[{"start":{"line":12,"column":12},"end":{"line":12,"column":77}},{"start":{"line":12,"column":12},"end":{"line":12,"column":77}}],"line":12},"1":{"loc":{"start":{"line":13,"column":12},"end":{"line":21,"column":73}},"type":"if","locations":[{"start":{"line":13,"column":12},"end":{"line":21,"column":73}},{"start":{"line":13,"column":12},"end":{"line":21,"column":73}}],"line":13}},"s":{"0":7,"1":7,"2":7,"3":7,"4":7,"5":7,"6":7,"7":7,"8":3,"9":3,"10":1,"11":2,"12":1,"13":1,"14":1,"15":1,"16":2,"17":7,"18":1,"19":1,"20":1,"21":0,"22":7},"f":{"0":7,"1":3,"2":3,"3":2,"4":1},"b":{"0":[1,2],"1":[1,1]},"_coverageSchema":"332fd63041d2c1bcb487cc26dd0d5f7d97098a6c","hash":"c93e0faab0d582c87e476544338edd5e17c14428"}
,"C:\\Compass\\Sprint-4\\Semana-8\\seubarriga\\src\\routes\\balance_routes.js": {"path":"C:\\Compass\\Sprint-4\\Semana-8\\seubarriga\\src\\routes\\balance_routes.js","statementMap":{"0":{"start":{"line":1,"column":16},"end":{"line":1,"column":34}},"1":{"start":{"line":3,"column":0},"end":{"line":13,"column":2}},"2":{"start":{"line":4,"column":17},"end":{"line":4,"column":33}},"3":{"start":{"line":6,"column":2},"end":{"line":10,"column":5}},"4":{"start":{"line":7,"column":4},"end":{"line":9,"column":31}},"5":{"start":{"line":8,"column":22},"end":{"line":8,"column":50}},"6":{"start":{"line":9,"column":20},"end":{"line":9,"column":29}},"7":{"start":{"line":12,"column":2},"end":{"line":12,"column":16}}},"fnMap":{"0":{"name":"(anonymous_0)","decl":{"start":{"line":3,"column":17},"end":{"line":3,"column":18}},"loc":{"start":{"line":3,"column":26},"end":{"line":13,"column":1}},"line":3},"1":{"name":"(anonymous_1)","decl":{"start":{"line":6,"column":18},"end":{"line":6,"column":19}},"loc":{"start":{"line":6,"column":38},"end":{"line":10,"column":3}},"line":6},"2":{"name":"(anonymous_2)","decl":{"start":{"line":8,"column":12},"end":{"line":8,"column":13}},"loc":{"start":{"line":8,"column":22},"end":{"line":8,"column":50}},"line":8},"3":{"name":"(anonymous_3)","decl":{"start":{"line":9,"column":13},"end":{"line":9,"column":14}},"loc":{"start":{"line":9,"column":20},"end":{"line":9,"column":29}},"line":9}},"branchMap":{},"s":{"0":7,"1":7,"2":7,"3":7,"4":10,"5":10,"6":0,"7":7},"f":{"0":7,"1":10,"2":10,"3":0},"b":{},"_coverageSchema":"332fd63041d2c1bcb487cc26dd0d5f7d97098a6c","hash":"917a4c3f2b4eff159a03b2ba3ebb24d926e3e334"}
,"C:\\Compass\\Sprint-4\\Semana-8\\seubarriga\\src\\routes\\transactions_routes.js": {"path":"C:\\Compass\\Sprint-4\\Semana-8\\seubarriga\\src\\routes\\transactions_routes.js","statementMap":{"0":{"start":{"line":1,"column":16},"end":{"line":1,"column":34}},"1":{"start":{"line":2,"column":29},"end":{"line":2,"column":70}},"2":{"start":{"line":4,"column":0},"end":{"line":43,"column":1}},"3":{"start":{"line":5,"column":19},"end":{"line":5,"column":35}},"4":{"start":{"line":7,"column":4},"end":{"line":12,"column":6}},"5":{"start":{"line":8,"column":8},"end":{"line":11,"column":34}},"6":{"start":{"line":9,"column":12},"end":{"line":10,"column":49}},"7":{"start":{"line":9,"column":35},"end":{"line":9,"column":41}},"8":{"start":{"line":10,"column":17},"end":{"line":10,"column":49}},"9":{"start":{"line":11,"column":24},"end":{"line":11,"column":33}},"10":{"start":{"line":14,"column":4},"end":{"line":18,"column":6}},"11":{"start":{"line":15,"column":8},"end":{"line":17,"column":32}},"12":{"start":{"line":16,"column":24},"end":{"line":16,"column":52}},"13":{"start":{"line":17,"column":22},"end":{"line":17,"column":31}},"14":{"start":{"line":20,"column":4},"end":{"line":24,"column":6}},"15":{"start":{"line":21,"column":8},"end":{"line":23,"column":32}},"16":{"start":{"line":22,"column":24},"end":{"line":22,"column":55}},"17":{"start":{"line":23,"column":22},"end":{"line":23,"column":31}},"18":{"start":{"line":26,"column":4},"end":{"line":30,"column":6}},"19":{"start":{"line":27,"column":8},"end":{"line":29,"column":32}},"20":{"start":{"line":28,"column":24},"end":{"line":28,"column":52}},"21":{"start":{"line":29,"column":22},"end":{"line":29,"column":31}},"22":{"start":{"line":32,"column":4},"end":{"line":36,"column":7}},"23":{"start":{"line":33,"column":8},"end":{"line":35,"column":35}},"24":{"start":{"line":34,"column":26},"end":{"line":34,"column":57}},"25":{"start":{"line":35,"column":24},"end":{"line":35,"column":33}},"26":{"start":{"line":38,"column":4},"end":{"line":40,"column":6}},"27":{"start":{"line":39,"column":8},"end":{"line":39,"column":113}},"28":{"start":{"line":39,"column":66},"end":{"line":39,"column":88}},"29":{"start":{"line":39,"column":103},"end":{"line":39,"column":112}},"30":{"start":{"line":42,"column":4},"end":{"line":42,"column":17}}},"fnMap":{"0":{"name":"(anonymous_0)","decl":{"start":{"line":4,"column":17},"end":{"line":4,"column":18}},"loc":{"start":{"line":4,"column":26},"end":{"line":43,"column":1}},"line":4},"1":{"name":"(anonymous_1)","decl":{"start":{"line":7,"column":23},"end":{"line":7,"column":24}},"loc":{"start":{"line":7,"column":43},"end":{"line":12,"column":5}},"line":7},"2":{"name":"(anonymous_2)","decl":{"start":{"line":8,"column":92},"end":{"line":8,"column":93}},"loc":{"start":{"line":8,"column":104},"end":{"line":11,"column":9}},"line":8},"3":{"name":"(anonymous_3)","decl":{"start":{"line":11,"column":17},"end":{"line":11,"column":18}},"loc":{"start":{"line":11,"column":24},"end":{"line":11,"column":33}},"line":11},"4":{"name":"(anonymous_4)","decl":{"start":{"line":14,"column":20},"end":{"line":14,"column":21}},"loc":{"start":{"line":14,"column":40},"end":{"line":18,"column":5}},"line":14},"5":{"name":"(anonymous_5)","decl":{"start":{"line":16,"column":14},"end":{"line":16,"column":15}},"loc":{"start":{"line":16,"column":24},"end":{"line":16,"column":52}},"line":16},"6":{"name":"(anonymous_6)","decl":{"start":{"line":17,"column":15},"end":{"line":17,"column":16}},"loc":{"start":{"line":17,"column":22},"end":{"line":17,"column":31}},"line":17},"7":{"name":"(anonymous_7)","decl":{"start":{"line":20,"column":21},"end":{"line":20,"column":22}},"loc":{"start":{"line":20,"column":41},"end":{"line":24,"column":5}},"line":20},"8":{"name":"(anonymous_8)","decl":{"start":{"line":22,"column":14},"end":{"line":22,"column":15}},"loc":{"start":{"line":22,"column":24},"end":{"line":22,"column":55}},"line":22},"9":{"name":"(anonymous_9)","decl":{"start":{"line":23,"column":15},"end":{"line":23,"column":16}},"loc":{"start":{"line":23,"column":22},"end":{"line":23,"column":31}},"line":23},"10":{"name":"(anonymous_10)","decl":{"start":{"line":26,"column":23},"end":{"line":26,"column":24}},"loc":{"start":{"line":26,"column":43},"end":{"line":30,"column":5}},"line":26},"11":{"name":"(anonymous_11)","decl":{"start":{"line":28,"column":14},"end":{"line":28,"column":15}},"loc":{"start":{"line":28,"column":24},"end":{"line":28,"column":52}},"line":28},"12":{"name":"(anonymous_12)","decl":{"start":{"line":29,"column":15},"end":{"line":29,"column":16}},"loc":{"start":{"line":29,"column":22},"end":{"line":29,"column":31}},"line":29},"13":{"name":"(anonymous_13)","decl":{"start":{"line":32,"column":23},"end":{"line":32,"column":24}},"loc":{"start":{"line":32,"column":43},"end":{"line":36,"column":5}},"line":32},"14":{"name":"(anonymous_14)","decl":{"start":{"line":34,"column":16},"end":{"line":34,"column":17}},"loc":{"start":{"line":34,"column":26},"end":{"line":34,"column":57}},"line":34},"15":{"name":"(anonymous_15)","decl":{"start":{"line":35,"column":17},"end":{"line":35,"column":18}},"loc":{"start":{"line":35,"column":24},"end":{"line":35,"column":33}},"line":35},"16":{"name":"(anonymous_16)","decl":{"start":{"line":38,"column":26},"end":{"line":38,"column":27}},"loc":{"start":{"line":38,"column":46},"end":{"line":40,"column":5}},"line":38},"17":{"name":"(anonymous_17)","decl":{"start":{"line":39,"column":60},"end":{"line":39,"column":61}},"loc":{"start":{"line":39,"column":66},"end":{"line":39,"column":88}},"line":39},"18":{"name":"(anonymous_18)","decl":{"start":{"line":39,"column":96},"end":{"line":39,"column":97}},"loc":{"start":{"line":39,"column":103},"end":{"line":39,"column":112}},"line":39}},"branchMap":{"0":{"loc":{"start":{"line":9,"column":12},"end":{"line":10,"column":49}},"type":"if","locations":[{"start":{"line":9,"column":12},"end":{"line":10,"column":49}},{"start":{"line":9,"column":12},"end":{"line":10,"column":49}}],"line":9}},"s":{"0":7,"1":7,"2":7,"3":7,"4":7,"5":4,"6":4,"7":3,"8":1,"9":1,"10":7,"11":1,"12":1,"13":0,"14":7,"15":17,"16":11,"17":0,"18":7,"19":1,"20":1,"21":0,"22":7,"23":1,"24":1,"25":0,"26":7,"27":1,"28":1,"29":0,"30":7},"f":{"0":7,"1":4,"2":4,"3":1,"4":1,"5":1,"6":0,"7":17,"8":11,"9":0,"10":1,"11":1,"12":0,"13":1,"14":1,"15":0,"16":1,"17":1,"18":0},"b":{"0":[3,1]},"_coverageSchema":"332fd63041d2c1bcb487cc26dd0d5f7d97098a6c","hash":"52787eb943b5b6b433c69206c39baddb9eb8db46"}
,"C:\\Compass\\Sprint-4\\Semana-8\\seubarriga\\src\\routes\\transfers_routes.js": {"path":"C:\\Compass\\Sprint-4\\Semana-8\\seubarriga\\src\\routes\\transfers_routes.js","statementMap":{"0":{"start":{"line":1,"column":16},"end":{"line":1,"column":34}},"1":{"start":{"line":2,"column":29},"end":{"line":2,"column":70}},"2":{"start":{"line":4,"column":0},"end":{"line":51,"column":1}},"3":{"start":{"line":5,"column":19},"end":{"line":5,"column":35}},"4":{"start":{"line":7,"column":4},"end":{"line":13,"column":7}},"5":{"start":{"line":8,"column":8},"end":{"line":12,"column":37}},"6":{"start":{"line":10,"column":12},"end":{"line":10,"column":81}},"7":{"start":{"line":10,"column":48},"end":{"line":10,"column":81}},"8":{"start":{"line":11,"column":12},"end":{"line":11,"column":19}},"9":{"start":{"line":12,"column":26},"end":{"line":12,"column":35}},"10":{"start":{"line":15,"column":21},"end":{"line":19,"column":5}},"11":{"start":{"line":16,"column":8},"end":{"line":18,"column":35}},"12":{"start":{"line":17,"column":22},"end":{"line":17,"column":28}},"13":{"start":{"line":18,"column":24},"end":{"line":18,"column":33}},"14":{"start":{"line":21,"column":4},"end":{"line":23,"column":6}},"15":{"start":{"line":22,"column":8},"end":{"line":22,"column":127}},"16":{"start":{"line":22,"column":74},"end":{"line":22,"column":102}},"17":{"start":{"line":22,"column":117},"end":{"line":22,"column":126}},"18":{"start":{"line":25,"column":4},"end":{"line":30,"column":7}},"19":{"start":{"line":26,"column":25},"end":{"line":26,"column":62}},"20":{"start":{"line":27,"column":8},"end":{"line":29,"column":35}},"21":{"start":{"line":28,"column":26},"end":{"line":28,"column":57}},"22":{"start":{"line":29,"column":24},"end":{"line":29,"column":33}},"23":{"start":{"line":32,"column":4},"end":{"line":36,"column":7}},"24":{"start":{"line":33,"column":8},"end":{"line":35,"column":35}},"25":{"start":{"line":34,"column":26},"end":{"line":34,"column":54}},"26":{"start":{"line":35,"column":24},"end":{"line":35,"column":33}},"27":{"start":{"line":38,"column":4},"end":{"line":42,"column":7}},"28":{"start":{"line":39,"column":8},"end":{"line":41,"column":35}},"29":{"start":{"line":40,"column":26},"end":{"line":40,"column":57}},"30":{"start":{"line":41,"column":24},"end":{"line":41,"column":33}},"31":{"start":{"line":44,"column":4},"end":{"line":48,"column":9}},"32":{"start":{"line":45,"column":8},"end":{"line":47,"column":35}},"33":{"start":{"line":46,"column":22},"end":{"line":46,"column":44}},"34":{"start":{"line":47,"column":24},"end":{"line":47,"column":33}},"35":{"start":{"line":50,"column":4},"end":{"line":50,"column":17}}},"fnMap":{"0":{"name":"(anonymous_0)","decl":{"start":{"line":4,"column":17},"end":{"line":4,"column":18}},"loc":{"start":{"line":4,"column":26},"end":{"line":51,"column":1}},"line":4},"1":{"name":"(anonymous_1)","decl":{"start":{"line":7,"column":23},"end":{"line":7,"column":24}},"loc":{"start":{"line":7,"column":43},"end":{"line":13,"column":5}},"line":7},"2":{"name":"(anonymous_2)","decl":{"start":{"line":9,"column":16},"end":{"line":9,"column":17}},"loc":{"start":{"line":9,"column":28},"end":{"line":12,"column":11}},"line":9},"3":{"name":"(anonymous_3)","decl":{"start":{"line":12,"column":19},"end":{"line":12,"column":20}},"loc":{"start":{"line":12,"column":26},"end":{"line":12,"column":35}},"line":12},"4":{"name":"(anonymous_4)","decl":{"start":{"line":15,"column":21},"end":{"line":15,"column":22}},"loc":{"start":{"line":15,"column":41},"end":{"line":19,"column":5}},"line":15},"5":{"name":"(anonymous_5)","decl":{"start":{"line":17,"column":16},"end":{"line":17,"column":17}},"loc":{"start":{"line":17,"column":22},"end":{"line":17,"column":28}},"line":17},"6":{"name":"(anonymous_6)","decl":{"start":{"line":18,"column":17},"end":{"line":18,"column":18}},"loc":{"start":{"line":18,"column":24},"end":{"line":18,"column":33}},"line":18},"7":{"name":"(anonymous_7)","decl":{"start":{"line":21,"column":20},"end":{"line":21,"column":21}},"loc":{"start":{"line":21,"column":40},"end":{"line":23,"column":5}},"line":21},"8":{"name":"(anonymous_8)","decl":{"start":{"line":22,"column":64},"end":{"line":22,"column":65}},"loc":{"start":{"line":22,"column":74},"end":{"line":22,"column":102}},"line":22},"9":{"name":"(anonymous_9)","decl":{"start":{"line":22,"column":110},"end":{"line":22,"column":111}},"loc":{"start":{"line":22,"column":117},"end":{"line":22,"column":126}},"line":22},"10":{"name":"(anonymous_10)","decl":{"start":{"line":25,"column":31},"end":{"line":25,"column":32}},"loc":{"start":{"line":25,"column":51},"end":{"line":30,"column":5}},"line":25},"11":{"name":"(anonymous_11)","decl":{"start":{"line":28,"column":16},"end":{"line":28,"column":17}},"loc":{"start":{"line":28,"column":26},"end":{"line":28,"column":57}},"line":28},"12":{"name":"(anonymous_12)","decl":{"start":{"line":29,"column":17},"end":{"line":29,"column":18}},"loc":{"start":{"line":29,"column":24},"end":{"line":29,"column":33}},"line":29},"13":{"name":"(anonymous_13)","decl":{"start":{"line":32,"column":23},"end":{"line":32,"column":24}},"loc":{"start":{"line":32,"column":43},"end":{"line":36,"column":5}},"line":32},"14":{"name":"(anonymous_14)","decl":{"start":{"line":34,"column":16},"end":{"line":34,"column":17}},"loc":{"start":{"line":34,"column":26},"end":{"line":34,"column":54}},"line":34},"15":{"name":"(anonymous_15)","decl":{"start":{"line":35,"column":17},"end":{"line":35,"column":18}},"loc":{"start":{"line":35,"column":24},"end":{"line":35,"column":33}},"line":35},"16":{"name":"(anonymous_16)","decl":{"start":{"line":38,"column":33},"end":{"line":38,"column":34}},"loc":{"start":{"line":38,"column":53},"end":{"line":42,"column":5}},"line":38},"17":{"name":"(anonymous_17)","decl":{"start":{"line":40,"column":16},"end":{"line":40,"column":17}},"loc":{"start":{"line":40,"column":26},"end":{"line":40,"column":57}},"line":40},"18":{"name":"(anonymous_18)","decl":{"start":{"line":41,"column":17},"end":{"line":41,"column":18}},"loc":{"start":{"line":41,"column":24},"end":{"line":41,"column":33}},"line":41},"19":{"name":"(anonymous_19)","decl":{"start":{"line":44,"column":26},"end":{"line":44,"column":27}},"loc":{"start":{"line":44,"column":46},"end":{"line":48,"column":7}},"line":44},"20":{"name":"(anonymous_20)","decl":{"start":{"line":46,"column":16},"end":{"line":46,"column":17}},"loc":{"start":{"line":46,"column":22},"end":{"line":46,"column":44}},"line":46},"21":{"name":"(anonymous_21)","decl":{"start":{"line":47,"column":17},"end":{"line":47,"column":18}},"loc":{"start":{"line":47,"column":24},"end":{"line":47,"column":33}},"line":47}},"branchMap":{"0":{"loc":{"start":{"line":10,"column":12},"end":{"line":10,"column":81}},"type":"if","locations":[{"start":{"line":10,"column":12},"end":{"line":10,"column":81}},{"start":{"line":10,"column":12},"end":{"line":10,"column":81}}],"line":10}},"s":{"0":7,"1":7,"2":7,"3":7,"4":7,"5":11,"6":11,"7":1,"8":10,"9":1,"10":7,"11":18,"12":4,"13":14,"14":7,"15":1,"16":1,"17":0,"18":7,"19":3,"20":3,"21":3,"22":0,"23":7,"24":1,"25":1,"26":0,"27":7,"28":1,"29":1,"30":0,"31":7,"32":1,"33":1,"34":0,"35":7},"f":{"0":7,"1":11,"2":11,"3":1,"4":18,"5":4,"6":14,"7":1,"8":1,"9":0,"10":3,"11":3,"12":0,"13":1,"14":1,"15":0,"16":1,"17":1,"18":0,"19":1,"20":1,"21":0},"b":{"0":[1,10]},"_coverageSchema":"332fd63041d2c1bcb487cc26dd0d5f7d97098a6c","hash":"82c2b59447d9778a2fda3dcca3f2e50bc127af87"}
,"C:\\Compass\\Sprint-4\\Semana-8\\seubarriga\\src\\routes\\users_routes.js": {"path":"C:\\Compass\\Sprint-4\\Semana-8\\seubarriga\\src\\routes\\users_routes.js","statementMap":{"0":{"start":{"line":1,"column":16},"end":{"line":1,"column":34}},"1":{"start":{"line":3,"column":0},"end":{"line":22,"column":1}},"2":{"start":{"line":4,"column":19},"end":{"line":4,"column":35}},"3":{"start":{"line":6,"column":4},"end":{"line":10,"column":6}},"4":{"start":{"line":7,"column":8},"end":{"line":9,"column":34}},"5":{"start":{"line":8,"column":12},"end":{"line":8,"column":40}},"6":{"start":{"line":9,"column":24},"end":{"line":9,"column":33}},"7":{"start":{"line":12,"column":4},"end":{"line":19,"column":6}},"8":{"start":{"line":13,"column":8},"end":{"line":18,"column":9}},"9":{"start":{"line":14,"column":27},"end":{"line":14,"column":65}},"10":{"start":{"line":15,"column":12},"end":{"line":15,"column":50}},"11":{"start":{"line":17,"column":12},"end":{"line":17,"column":28}},"12":{"start":{"line":21,"column":4},"end":{"line":21,"column":17}}},"fnMap":{"0":{"name":"(anonymous_0)","decl":{"start":{"line":3,"column":17},"end":{"line":3,"column":18}},"loc":{"start":{"line":3,"column":26},"end":{"line":22,"column":1}},"line":3},"1":{"name":"(anonymous_1)","decl":{"start":{"line":6,"column":20},"end":{"line":6,"column":21}},"loc":{"start":{"line":6,"column":40},"end":{"line":10,"column":5}},"line":6},"2":{"name":"(anonymous_2)","decl":{"start":{"line":7,"column":48},"end":{"line":7,"column":49}},"loc":{"start":{"line":7,"column":60},"end":{"line":9,"column":9}},"line":7},"3":{"name":"(anonymous_3)","decl":{"start":{"line":9,"column":17},"end":{"line":9,"column":18}},"loc":{"start":{"line":9,"column":24},"end":{"line":9,"column":33}},"line":9},"4":{"name":"(anonymous_4)","decl":{"start":{"line":12,"column":21},"end":{"line":12,"column":22}},"loc":{"start":{"line":12,"column":47},"end":{"line":19,"column":5}},"line":12}},"branchMap":{},"s":{"0":7,"1":7,"2":7,"3":7,"4":1,"5":1,"6":0,"7":7,"8":6,"9":6,"10":2,"11":4,"12":7},"f":{"0":7,"1":1,"2":1,"3":0,"4":6},"b":{},"_coverageSchema":"332fd63041d2c1bcb487cc26dd0d5f7d97098a6c","hash":"d32e235783bcfaa098552ab56430e7c4b0af5487"}
,"C:\\Compass\\Sprint-4\\Semana-8\\seubarriga\\src\\seeds\\01_transfer.js": {"path":"C:\\Compass\\Sprint-4\\Semana-8\\seubarriga\\src\\seeds\\01_transfer.js","statementMap":{"0":{"start":{"line":2,"column":0},"end":{"line":25,"column":2}},"1":{"start":{"line":4,"column":2},"end":{"line":24,"column":7}},"2":{"start":{"line":5,"column":16},"end":{"line":5,"column":39}},"3":{"start":{"line":6,"column":16},"end":{"line":6,"column":38}},"4":{"start":{"line":7,"column":16},"end":{"line":7,"column":35}},"5":{"start":{"line":8,"column":16},"end":{"line":11,"column":6}},"6":{"start":{"line":11,"column":19},"end":{"line":16,"column":6}},"7":{"start":{"line":16,"column":19},"end":{"line":19,"column":6}},"8":{"start":{"line":19,"column":19},"end":{"line":24,"column":6}}},"fnMap":{"0":{"name":"(anonymous_0)","decl":{"start":{"line":2,"column":15},"end":{"line":2,"column":16}},"loc":{"start":{"line":2,"column":25},"end":{"line":25,"column":1}},"line":2},"1":{"name":"(anonymous_1)","decl":{"start":{"line":5,"column":10},"end":{"line":5,"column":11}},"loc":{"start":{"line":5,"column":16},"end":{"line":5,"column":39}},"line":5},"2":{"name":"(anonymous_2)","decl":{"start":{"line":6,"column":10},"end":{"line":6,"column":11}},"loc":{"start":{"line":6,"column":16},"end":{"line":6,"column":38}},"line":6},"3":{"name":"(anonymous_3)","decl":{"start":{"line":7,"column":10},"end":{"line":7,"column":11}},"loc":{"start":{"line":7,"column":16},"end":{"line":7,"column":35}},"line":7},"4":{"name":"(anonymous_4)","decl":{"start":{"line":8,"column":10},"end":{"line":8,"column":11}},"loc":{"start":{"line":8,"column":16},"end":{"line":11,"column":6}},"line":8},"5":{"name":"(anonymous_5)","decl":{"start":{"line":11,"column":13},"end":{"line":11,"column":14}},"loc":{"start":{"line":11,"column":19},"end":{"line":16,"column":6}},"line":11},"6":{"name":"(anonymous_6)","decl":{"start":{"line":16,"column":13},"end":{"line":16,"column":14}},"loc":{"start":{"line":16,"column":19},"end":{"line":19,"column":6}},"line":16},"7":{"name":"(anonymous_7)","decl":{"start":{"line":19,"column":13},"end":{"line":19,"column":14}},"loc":{"start":{"line":19,"column":19},"end":{"line":24,"column":6}},"line":19}},"branchMap":{},"s":{"0":2,"1":2,"2":2,"3":2,"4":2,"5":2,"6":2,"7":2,"8":2},"f":{"0":2,"1":2,"2":2,"3":2,"4":2,"5":2,"6":2,"7":2},"b":{},"_coverageSchema":"332fd63041d2c1bcb487cc26dd0d5f7d97098a6c","hash":"32d71ca72e4b29c538fc194f4c69bb39d33de058"}
,"C:\\Compass\\Sprint-4\\Semana-8\\seubarriga\\src\\seeds\\02_balance.js": {"path":"C:\\Compass\\Sprint-4\\Semana-8\\seubarriga\\src\\seeds\\02_balance.js","statementMap":{"0":{"start":{"line":1,"column":15},"end":{"line":1,"column":32}},"1":{"start":{"line":3,"column":0},"end":{"line":43,"column":2}},"2":{"start":{"line":4,"column":2},"end":{"line":42,"column":10}},"3":{"start":{"line":9,"column":16},"end":{"line":16,"column":6}},"4":{"start":{"line":17,"column":16},"end":{"line":20,"column":6}},"5":{"start":{"line":21,"column":16},"end":{"line":42,"column":8}}},"fnMap":{"0":{"name":"(anonymous_0)","decl":{"start":{"line":3,"column":15},"end":{"line":3,"column":16}},"loc":{"start":{"line":3,"column":25},"end":{"line":43,"column":1}},"line":3},"1":{"name":"(anonymous_1)","decl":{"start":{"line":9,"column":10},"end":{"line":9,"column":11}},"loc":{"start":{"line":9,"column":16},"end":{"line":16,"column":6}},"line":9},"2":{"name":"(anonymous_2)","decl":{"start":{"line":17,"column":10},"end":{"line":17,"column":11}},"loc":{"start":{"line":17,"column":16},"end":{"line":20,"column":6}},"line":17},"3":{"name":"(anonymous_3)","decl":{"start":{"line":21,"column":10},"end":{"line":21,"column":11}},"loc":{"start":{"line":21,"column":16},"end":{"line":42,"column":8}},"line":21}},"branchMap":{},"s":{"0":2,"1":2,"2":2,"3":2,"4":2,"5":2},"f":{"0":2,"1":2,"2":2,"3":2},"b":{},"_coverageSchema":"332fd63041d2c1bcb487cc26dd0d5f7d97098a6c","hash":"772ee66d28dccb5a3caccd03ba5b5fbe791d76f0"}
,"C:\\Compass\\Sprint-4\\Semana-8\\seubarriga\\src\\services\\account.js": {"path":"C:\\Compass\\Sprint-4\\Semana-8\\seubarriga\\src\\services\\account.js","statementMap":{"0":{"start":{"line":1,"column":24},"end":{"line":1,"column":60}},"1":{"start":{"line":3,"column":0},"end":{"line":33,"column":1}},"2":{"start":{"line":4,"column":20},"end":{"line":6,"column":5}},"3":{"start":{"line":5,"column":8},"end":{"line":5,"column":58}},"4":{"start":{"line":8,"column":17},"end":{"line":10,"column":5}},"5":{"start":{"line":9,"column":8},"end":{"line":9,"column":55}},"6":{"start":{"line":12,"column":17},"end":{"line":19,"column":5}},"7":{"start":{"line":13,"column":8},"end":{"line":13,"column":86}},"8":{"start":{"line":13,"column":27},"end":{"line":13,"column":86}},"9":{"start":{"line":15,"column":22},"end":{"line":15,"column":80}},"10":{"start":{"line":16,"column":8},"end":{"line":16,"column":81}},"11":{"start":{"line":16,"column":19},"end":{"line":16,"column":81}},"12":{"start":{"line":18,"column":8},"end":{"line":18,"column":54}},"13":{"start":{"line":21,"column":19},"end":{"line":23,"column":5}},"14":{"start":{"line":22,"column":8},"end":{"line":22,"column":66}},"15":{"start":{"line":25,"column":19},"end":{"line":30,"column":5}},"16":{"start":{"line":26,"column":28},"end":{"line":26,"column":80}},"17":{"start":{"line":27,"column":8},"end":{"line":27,"column":92}},"18":{"start":{"line":27,"column":24},"end":{"line":27,"column":92}},"19":{"start":{"line":29,"column":8},"end":{"line":29,"column":51}},"20":{"start":{"line":32,"column":4},"end":{"line":32,"column":50}}},"fnMap":{"0":{"name":"(anonymous_0)","decl":{"start":{"line":3,"column":17},"end":{"line":3,"column":18}},"loc":{"start":{"line":3,"column":26},"end":{"line":33,"column":1}},"line":3},"1":{"name":"(anonymous_1)","decl":{"start":{"line":4,"column":20},"end":{"line":4,"column":21}},"loc":{"start":{"line":4,"column":32},"end":{"line":6,"column":5}},"line":4},"2":{"name":"(anonymous_2)","decl":{"start":{"line":8,"column":17},"end":{"line":8,"column":18}},"loc":{"start":{"line":8,"column":34},"end":{"line":10,"column":5}},"line":8},"3":{"name":"(anonymous_3)","decl":{"start":{"line":12,"column":17},"end":{"line":12,"column":18}},"loc":{"start":{"line":12,"column":36},"end":{"line":19,"column":5}},"line":12},"4":{"name":"(anonymous_4)","decl":{"start":{"line":21,"column":19},"end":{"line":21,"column":20}},"loc":{"start":{"line":21,"column":36},"end":{"line":23,"column":5}},"line":21},"5":{"name":"(anonymous_5)","decl":{"start":{"line":25,"column":19},"end":{"line":25,"column":20}},"loc":{"start":{"line":25,"column":33},"end":{"line":30,"column":5}},"line":25}},"branchMap":{"0":{"loc":{"start":{"line":8,"column":18},"end":{"line":8,"column":29}},"type":"default-arg","locations":[{"start":{"line":8,"column":27},"end":{"line":8,"column":29}}],"line":8},"1":{"loc":{"start":{"line":13,"column":8},"end":{"line":13,"column":86}},"type":"if","locations":[{"start":{"line":13,"column":8},"end":{"line":13,"column":86}},{"start":{"line":13,"column":8},"end":{"line":13,"column":86}}],"line":13},"2":{"loc":{"start":{"line":16,"column":8},"end":{"line":16,"column":81}},"type":"if","locations":[{"start":{"line":16,"column":8},"end":{"line":16,"column":81}},{"start":{"line":16,"column":8},"end":{"line":16,"column":81}}],"line":16},"3":{"loc":{"start":{"line":27,"column":8},"end":{"line":27,"column":92}},"type":"if","locations":[{"start":{"line":27,"column":8},"end":{"line":27,"column":92}},{"start":{"line":27,"column":8},"end":{"line":27,"column":92}}],"line":27}},"s":{"0":7,"1":7,"2":7,"3":1,"4":7,"5":10,"6":7,"7":3,"8":1,"9":2,"10":2,"11":1,"12":1,"13":7,"14":1,"15":7,"16":2,"17":2,"18":1,"19":1,"20":7},"f":{"0":7,"1":1,"2":10,"3":3,"4":1,"5":2},"b":{"0":[0],"1":[1,2],"2":[1,1],"3":[1,1]},"_coverageSchema":"332fd63041d2c1bcb487cc26dd0d5f7d97098a6c","hash":"773e94f85447b927c27777f9568984da78c01017"}
,"C:\\Compass\\Sprint-4\\Semana-8\\seubarriga\\src\\services\\balance.js": {"path":"C:\\Compass\\Sprint-4\\Semana-8\\seubarriga\\src\\services\\balance.js","statementMap":{"0":{"start":{"line":1,"column":0},"end":{"line":13,"column":4}},"1":{"start":{"line":2,"column":21},"end":{"line":10,"column":5}},"2":{"start":{"line":3,"column":6},"end":{"line":9,"column":27}},"3":{"start":{"line":12,"column":4},"end":{"line":12,"column":24}}},"fnMap":{"0":{"name":"(anonymous_0)","decl":{"start":{"line":1,"column":17},"end":{"line":1,"column":18}},"loc":{"start":{"line":1,"column":26},"end":{"line":13,"column":3}},"line":1},"1":{"name":"(anonymous_1)","decl":{"start":{"line":2,"column":21},"end":{"line":2,"column":22}},"loc":{"start":{"line":2,"column":33},"end":{"line":10,"column":5}},"line":2}},"branchMap":{},"s":{"0":7,"1":7,"2":10,"3":7},"f":{"0":7,"1":10},"b":{},"_coverageSchema":"332fd63041d2c1bcb487cc26dd0d5f7d97098a6c","hash":"0c77533810d3f9b5e4a8d768897314e71541e701"}
,"C:\\Compass\\Sprint-4\\Semana-8\\seubarriga\\src\\services\\transaction.js": {"path":"C:\\Compass\\Sprint-4\\Semana-8\\seubarriga\\src\\services\\transaction.js","statementMap":{"0":{"start":{"line":1,"column":24},"end":{"line":1,"column":60}},"1":{"start":{"line":3,"column":0},"end":{"line":45,"column":1}},"2":{"start":{"line":4,"column":17},"end":{"line":10,"column":5}},"3":{"start":{"line":5,"column":8},"end":{"line":9,"column":17}},"4":{"start":{"line":12,"column":20},"end":{"line":16,"column":5}},"5":{"start":{"line":13,"column":8},"end":{"line":15,"column":16}},"6":{"start":{"line":18,"column":17},"end":{"line":32,"column":5}},"7":{"start":{"line":19,"column":8},"end":{"line":19,"column":101}},"8":{"start":{"line":19,"column":37},"end":{"line":19,"column":101}},"9":{"start":{"line":20,"column":8},"end":{"line":20,"column":93}},"10":{"start":{"line":20,"column":33},"end":{"line":20,"column":93}},"11":{"start":{"line":21,"column":8},"end":{"line":21,"column":89}},"12":{"start":{"line":21,"column":30},"end":{"line":21,"column":89}},"13":{"start":{"line":22,"column":8},"end":{"line":22,"column":92}},"14":{"start":{"line":22,"column":32},"end":{"line":22,"column":92}},"15":{"start":{"line":23,"column":8},"end":{"line":23,"column":89}},"16":{"start":{"line":23,"column":30},"end":{"line":23,"column":89}},"17":{"start":{"line":24,"column":8},"end":{"line":24,"column":110}},"18":{"start":{"line":24,"column":68},"end":{"line":24,"column":110}},"19":{"start":{"line":26,"column":31},"end":{"line":26,"column":49}},"20":{"start":{"line":27,"column":8},"end":{"line":29,"column":9}},"21":{"start":{"line":28,"column":12},"end":{"line":28,"column":40}},"22":{"start":{"line":31,"column":8},"end":{"line":31,"column":65}},"23":{"start":{"line":34,"column":19},"end":{"line":38,"column":5}},"24":{"start":{"line":35,"column":8},"end":{"line":37,"column":33}},"25":{"start":{"line":40,"column":19},"end":{"line":42,"column":5}},"26":{"start":{"line":41,"column":8},"end":{"line":41,"column":55}},"27":{"start":{"line":44,"column":4},"end":{"line":44,"column":50}}},"fnMap":{"0":{"name":"(anonymous_0)","decl":{"start":{"line":3,"column":17},"end":{"line":3,"column":18}},"loc":{"start":{"line":3,"column":26},"end":{"line":45,"column":1}},"line":3},"1":{"name":"(anonymous_1)","decl":{"start":{"line":4,"column":17},"end":{"line":4,"column":18}},"loc":{"start":{"line":4,"column":42},"end":{"line":10,"column":5}},"line":4},"2":{"name":"(anonymous_2)","decl":{"start":{"line":12,"column":20},"end":{"line":12,"column":21}},"loc":{"start":{"line":12,"column":32},"end":{"line":16,"column":5}},"line":12},"3":{"name":"(anonymous_3)","decl":{"start":{"line":18,"column":17},"end":{"line":18,"column":18}},"loc":{"start":{"line":18,"column":34},"end":{"line":32,"column":5}},"line":18},"4":{"name":"(anonymous_4)","decl":{"start":{"line":34,"column":19},"end":{"line":34,"column":20}},"loc":{"start":{"line":34,"column":40},"end":{"line":38,"column":5}},"line":34},"5":{"name":"(anonymous_5)","decl":{"start":{"line":40,"column":19},"end":{"line":40,"column":20}},"loc":{"start":{"line":40,"column":27},"end":{"line":42,"column":5}},"line":40}},"branchMap":{"0":{"loc":{"start":{"line":4,"column":26},"end":{"line":4,"column":37}},"type":"default-arg","locations":[{"start":{"line":4,"column":35},"end":{"line":4,"column":37}}],"line":4},"1":{"loc":{"start":{"line":19,"column":8},"end":{"line":19,"column":101}},"type":"if","locations":[{"start":{"line":19,"column":8},"end":{"line":19,"column":101}},{"start":{"line":19,"column":8},"end":{"line":19,"column":101}}],"line":19},"2":{"loc":{"start":{"line":20,"column":8},"end":{"line":20,"column":93}},"type":"if","locations":[{"start":{"line":20,"column":8},"end":{"line":20,"column":93}},{"start":{"line":20,"column":8},"end":{"line":20,"column":93}}],"line":20},"3":{"loc":{"start":{"line":21,"column":8},"end":{"line":21,"column":89}},"type":"if","locations":[{"start":{"line":21,"column":8},"end":{"line":21,"column":89}},{"start":{"line":21,"column":8},"end":{"line":21,"column":89}}],"line":21},"4":{"loc":{"start":{"line":22,"column":8},"end":{"line":22,"column":92}},"type":"if","locations":[{"start":{"line":22,"column":8},"end":{"line":22,"column":92}},{"start":{"line":22,"column":8},"end":{"line":22,"column":92}}],"line":22},"5":{"loc":{"start":{"line":23,"column":8},"end":{"line":23,"column":89}},"type":"if","locations":[{"start":{"line":23,"column":8},"end":{"line":23,"column":89}},{"start":{"line":23,"column":8},"end":{"line":23,"column":89}}],"line":23},"6":{"loc":{"start":{"line":24,"column":8},"end":{"line":24,"column":110}},"type":"if","locations":[{"start":{"line":24,"column":8},"end":{"line":24,"column":110}},{"start":{"line":24,"column":8},"end":{"line":24,"column":110}}],"line":24},"7":{"loc":{"start":{"line":24,"column":13},"end":{"line":24,"column":65}},"type":"binary-expr","locations":[{"start":{"line":24,"column":13},"end":{"line":24,"column":37}},{"start":{"line":24,"column":41},"end":{"line":24,"column":65}}],"line":24},"8":{"loc":{"start":{"line":27,"column":8},"end":{"line":29,"column":9}},"type":"if","locations":[{"start":{"line":27,"column":8},"end":{"line":29,"column":9}},{"start":{"line":27,"column":8},"end":{"line":29,"column":9}}],"line":27},"9":{"loc":{"start":{"line":27,"column":12},"end":{"line":27,"column":122}},"type":"binary-expr","locations":[{"start":{"line":27,"column":13},"end":{"line":27,"column":37}},{"start":{"line":27,"column":41},"end":{"line":27,"column":64}},{"start":{"line":27,"column":70},"end":{"line":27,"column":94}},{"start":{"line":27,"column":98},"end":{"line":27,"column":121}}],"line":27}},"s":{"0":7,"1":7,"2":7,"3":5,"4":7,"5":3,"6":7,"7":17,"8":1,"9":16,"10":1,"11":15,"12":1,"13":14,"14":1,"15":13,"16":1,"17":12,"18":1,"19":11,"20":11,"21":6,"22":11,"23":7,"24":1,"25":7,"26":1,"27":7},"f":{"0":7,"1":5,"2":3,"3":17,"4":1,"5":1},"b":{"0":[1],"1":[1,16],"2":[1,15],"3":[1,14],"4":[1,13],"5":[1,12],"6":[1,11],"7":[12,5],"8":[6,5],"9":[11,7,9,4]},"_coverageSchema":"332fd63041d2c1bcb487cc26dd0d5f7d97098a6c","hash":"f4cb695863fa03216d7041132dcd366707ecbc89"}
,"C:\\Compass\\Sprint-4\\Semana-8\\seubarriga\\src\\services\\transfer.js": {"path":"C:\\Compass\\Sprint-4\\Semana-8\\seubarriga\\src\\services\\transfer.js","statementMap":{"0":{"start":{"line":1,"column":24},"end":{"line":1,"column":60}},"1":{"start":{"line":3,"column":0},"end":{"line":62,"column":1}},"2":{"start":{"line":4,"column":17},"end":{"line":6,"column":5}},"3":{"start":{"line":5,"column":8},"end":{"line":5,"column":57}},"4":{"start":{"line":8,"column":20},"end":{"line":12,"column":5}},"5":{"start":{"line":9,"column":8},"end":{"line":11,"column":19}},"6":{"start":{"line":14,"column":21},"end":{"line":26,"column":5}},"7":{"start":{"line":15,"column":8},"end":{"line":15,"column":100}},"8":{"start":{"line":15,"column":35},"end":{"line":15,"column":100}},"9":{"start":{"line":16,"column":8},"end":{"line":16,"column":92}},"10":{"start":{"line":16,"column":31},"end":{"line":16,"column":92}},"11":{"start":{"line":17,"column":8},"end":{"line":17,"column":88}},"12":{"start":{"line":17,"column":28},"end":{"line":17,"column":88}},"13":{"start":{"line":18,"column":8},"end":{"line":18,"column":105}},"14":{"start":{"line":18,"column":34},"end":{"line":18,"column":105}},"15":{"start":{"line":19,"column":8},"end":{"line":19,"column":107}},"16":{"start":{"line":19,"column":35},"end":{"line":19,"column":107}},"17":{"start":{"line":20,"column":8},"end":{"line":20,"column":141}},"18":{"start":{"line":20,"column":58},"end":{"line":20,"column":141}},"19":{"start":{"line":22,"column":25},"end":{"line":22,"column":108}},"20":{"start":{"line":23,"column":8},"end":{"line":25,"column":11}},"21":{"start":{"line":24,"column":10},"end":{"line":24,"column":132}},"22":{"start":{"line":24,"column":62},"end":{"line":24,"column":132}},"23":{"start":{"line":28,"column":17},"end":{"line":39,"column":5}},"24":{"start":{"line":29,"column":23},"end":{"line":29,"column":70}},"25":{"start":{"line":30,"column":27},"end":{"line":30,"column":39}},"26":{"start":{"line":32,"column":29},"end":{"line":35,"column":9}},"27":{"start":{"line":37,"column":8},"end":{"line":37,"column":58}},"28":{"start":{"line":38,"column":8},"end":{"line":38,"column":22}},"29":{"start":{"line":41,"column":19},"end":{"line":54,"column":5}},"30":{"start":{"line":42,"column":23},"end":{"line":44,"column":32}},"31":{"start":{"line":46,"column":29},"end":{"line":49,"column":9}},"32":{"start":{"line":51,"column":8},"end":{"line":51,"column":70}},"33":{"start":{"line":52,"column":8},"end":{"line":52,"column":58}},"34":{"start":{"line":53,"column":8},"end":{"line":53,"column":22}},"35":{"start":{"line":56,"column":19},"end":{"line":59,"column":5}},"36":{"start":{"line":57,"column":8},"end":{"line":57,"column":70}},"37":{"start":{"line":58,"column":8},"end":{"line":58,"column":55}},"38":{"start":{"line":61,"column":4},"end":{"line":61,"column":60}}},"fnMap":{"0":{"name":"(anonymous_0)","decl":{"start":{"line":3,"column":17},"end":{"line":3,"column":18}},"loc":{"start":{"line":3,"column":26},"end":{"line":62,"column":1}},"line":3},"1":{"name":"(anonymous_1)","decl":{"start":{"line":4,"column":17},"end":{"line":4,"column":18}},"loc":{"start":{"line":4,"column":34},"end":{"line":6,"column":5}},"line":4},"2":{"name":"(anonymous_2)","decl":{"start":{"line":8,"column":20},"end":{"line":8,"column":21}},"loc":{"start":{"line":8,"column":37},"end":{"line":12,"column":5}},"line":8},"3":{"name":"(anonymous_3)","decl":{"start":{"line":14,"column":21},"end":{"line":14,"column":22}},"loc":{"start":{"line":14,"column":41},"end":{"line":26,"column":5}},"line":14},"4":{"name":"(anonymous_4)","decl":{"start":{"line":23,"column":25},"end":{"line":23,"column":26}},"loc":{"start":{"line":23,"column":34},"end":{"line":25,"column":9}},"line":23},"5":{"name":"(anonymous_5)","decl":{"start":{"line":28,"column":17},"end":{"line":28,"column":18}},"loc":{"start":{"line":28,"column":37},"end":{"line":39,"column":5}},"line":28},"6":{"name":"(anonymous_6)","decl":{"start":{"line":41,"column":19},"end":{"line":41,"column":20}},"loc":{"start":{"line":41,"column":43},"end":{"line":54,"column":5}},"line":41},"7":{"name":"(anonymous_7)","decl":{"start":{"line":56,"column":19},"end":{"line":56,"column":20}},"loc":{"start":{"line":56,"column":33},"end":{"line":59,"column":5}},"line":56}},"branchMap":{"0":{"loc":{"start":{"line":4,"column":18},"end":{"line":4,"column":29}},"type":"default-arg","locations":[{"start":{"line":4,"column":27},"end":{"line":4,"column":29}}],"line":4},"1":{"loc":{"start":{"line":8,"column":21},"end":{"line":8,"column":32}},"type":"default-arg","locations":[{"start":{"line":8,"column":30},"end":{"line":8,"column":32}}],"line":8},"2":{"loc":{"start":{"line":15,"column":8},"end":{"line":15,"column":100}},"type":"if","locations":[{"start":{"line":15,"column":8},"end":{"line":15,"column":100}},{"start":{"line":15,"column":8},"end":{"line":15,"column":100}}],"line":15},"3":{"loc":{"start":{"line":16,"column":8},"end":{"line":16,"column":92}},"type":"if","locations":[{"start":{"line":16,"column":8},"end":{"line":16,"column":92}},{"start":{"line":16,"column":8},"end":{"line":16,"column":92}}],"line":16},"4":{"loc":{"start":{"line":17,"column":8},"end":{"line":17,"column":88}},"type":"if","locations":[{"start":{"line":17,"column":8},"end":{"line":17,"column":88}},{"start":{"line":17,"column":8},"end":{"line":17,"column":88}}],"line":17},"5":{"loc":{"start":{"line":18,"column":8},"end":{"line":18,"column":105}},"type":"if","locations":[{"start":{"line":18,"column":8},"end":{"line":18,"column":105}},{"start":{"line":18,"column":8},"end":{"line":18,"column":105}}],"line":18},"6":{"loc":{"start":{"line":19,"column":8},"end":{"line":19,"column":107}},"type":"if","locations":[{"start":{"line":19,"column":8},"end":{"line":19,"column":107}},{"start":{"line":19,"column":8},"end":{"line":19,"column":107}}],"line":19},"7":{"loc":{"start":{"line":20,"column":8},"end":{"line":20,"column":141}},"type":"if","locations":[{"start":{"line":20,"column":8},"end":{"line":20,"column":141}},{"start":{"line":20,"column":8},"end":{"line":20,"column":141}}],"line":20},"8":{"loc":{"start":{"line":24,"column":10},"end":{"line":24,"column":132}},"type":"if","locations":[{"start":{"line":24,"column":10},"end":{"line":24,"column":132}},{"start":{"line":24,"column":10},"end":{"line":24,"column":132}}],"line":24}},"s":{"0":7,"1":7,"2":7,"3":1,"4":7,"5":12,"6":7,"7":18,"8":2,"9":16,"10":2,"11":14,"12":2,"13":12,"14":2,"15":10,"16":2,"17":8,"18":2,"19":6,"20":6,"21":12,"22":2,"23":7,"24":3,"25":3,"26":3,"27":3,"28":3,"29":7,"30":1,"31":1,"32":1,"33":1,"34":1,"35":7,"36":1,"37":1,"38":7},"f":{"0":7,"1":1,"2":12,"3":18,"4":12,"5":3,"6":1,"7":1},"b":{"0":[0],"1":[0],"2":[2,16],"3":[2,14],"4":[2,12],"5":[2,10],"6":[2,8],"7":[2,6],"8":[2,10]},"_coverageSchema":"332fd63041d2c1bcb487cc26dd0d5f7d97098a6c","hash":"4d15b270e88a7ff331e46049b1fd8cfa00e02e61"}
,"C:\\Compass\\Sprint-4\\Semana-8\\seubarriga\\src\\services\\user.js": {"path":"C:\\Compass\\Sprint-4\\Semana-8\\seubarriga\\src\\services\\user.js","statementMap":{"0":{"start":{"line":1,"column":15},"end":{"line":1,"column":39}},"1":{"start":{"line":2,"column":24},"end":{"line":2,"column":60}},"2":{"start":{"line":4,"column":0},"end":{"line":32,"column":1}},"3":{"start":{"line":5,"column":20},"end":{"line":7,"column":5}},"4":{"start":{"line":6,"column":8},"end":{"line":6,"column":62}},"5":{"start":{"line":9,"column":20},"end":{"line":11,"column":5}},"6":{"start":{"line":10,"column":8},"end":{"line":10,"column":52}},"7":{"start":{"line":13,"column":26},"end":{"line":16,"column":5}},"8":{"start":{"line":14,"column":21},"end":{"line":14,"column":43}},"9":{"start":{"line":15,"column":8},"end":{"line":15,"column":44}},"10":{"start":{"line":18,"column":17},"end":{"line":29,"column":5}},"11":{"start":{"line":19,"column":8},"end":{"line":19,"column":82}},"12":{"start":{"line":19,"column":23},"end":{"line":19,"column":82}},"13":{"start":{"line":20,"column":8},"end":{"line":20,"column":84}},"14":{"start":{"line":20,"column":24},"end":{"line":20,"column":84}},"15":{"start":{"line":21,"column":8},"end":{"line":21,"column":85}},"16":{"start":{"line":21,"column":25},"end":{"line":21,"column":85}},"17":{"start":{"line":23,"column":23},"end":{"line":23,"column":57}},"18":{"start":{"line":24,"column":8},"end":{"line":24,"column":83}},"19":{"start":{"line":24,"column":19},"end":{"line":24,"column":83}},"20":{"start":{"line":26,"column":24},"end":{"line":26,"column":33}},"21":{"start":{"line":27,"column":8},"end":{"line":27,"column":51}},"22":{"start":{"line":28,"column":8},"end":{"line":28,"column":71}},"23":{"start":{"line":31,"column":4},"end":{"line":31,"column":37}}},"fnMap":{"0":{"name":"(anonymous_0)","decl":{"start":{"line":4,"column":17},"end":{"line":4,"column":18}},"loc":{"start":{"line":4,"column":26},"end":{"line":32,"column":1}},"line":4},"1":{"name":"(anonymous_1)","decl":{"start":{"line":5,"column":20},"end":{"line":5,"column":21}},"loc":{"start":{"line":5,"column":26},"end":{"line":7,"column":5}},"line":5},"2":{"name":"(anonymous_2)","decl":{"start":{"line":9,"column":20},"end":{"line":9,"column":21}},"loc":{"start":{"line":9,"column":37},"end":{"line":11,"column":5}},"line":9},"3":{"name":"(anonymous_3)","decl":{"start":{"line":13,"column":26},"end":{"line":13,"column":27}},"loc":{"start":{"line":13,"column":38},"end":{"line":16,"column":5}},"line":13},"4":{"name":"(anonymous_4)","decl":{"start":{"line":18,"column":17},"end":{"line":18,"column":18}},"loc":{"start":{"line":18,"column":33},"end":{"line":29,"column":5}},"line":18}},"branchMap":{"0":{"loc":{"start":{"line":9,"column":21},"end":{"line":9,"column":32}},"type":"default-arg","locations":[{"start":{"line":9,"column":30},"end":{"line":9,"column":32}}],"line":9},"1":{"loc":{"start":{"line":19,"column":8},"end":{"line":19,"column":82}},"type":"if","locations":[{"start":{"line":19,"column":8},"end":{"line":19,"column":82}},{"start":{"line":19,"column":8},"end":{"line":19,"column":82}}],"line":19},"2":{"loc":{"start":{"line":20,"column":8},"end":{"line":20,"column":84}},"type":"if","locations":[{"start":{"line":20,"column":8},"end":{"line":20,"column":84}},{"start":{"line":20,"column":8},"end":{"line":20,"column":84}}],"line":20},"3":{"loc":{"start":{"line":21,"column":8},"end":{"line":21,"column":85}},"type":"if","locations":[{"start":{"line":21,"column":8},"end":{"line":21,"column":85}},{"start":{"line":21,"column":8},"end":{"line":21,"column":85}}],"line":21},"4":{"loc":{"start":{"line":24,"column":8},"end":{"line":24,"column":83}},"type":"if","locations":[{"start":{"line":24,"column":8},"end":{"line":24,"column":83}},{"start":{"line":24,"column":8},"end":{"line":24,"column":83}}],"line":24}},"s":{"0":7,"1":7,"2":7,"3":7,"4":1,"5":7,"6":85,"7":7,"8":8,"9":8,"10":7,"11":12,"12":1,"13":11,"14":1,"15":10,"16":1,"17":9,"18":9,"19":1,"20":8,"21":8,"22":8,"23":7},"f":{"0":7,"1":1,"2":85,"3":8,"4":12},"b":{"0":[0],"1":[1,11],"2":[1,10],"3":[1,9],"4":[1,8]},"_coverageSchema":"332fd63041d2c1bcb487cc26dd0d5f7d97098a6c","hash":"322259e853fb146c011e4a51c5c949ff14b832ce"}
}
