TN:
SF:C:\Compass\Sprint-4\Semana-8\seubarriga\knexfile.js
FNF:0
FNH:0
DA:1,7
DA:3,7
LF:2
LH:2
BRF:0
BRH:0
end_of_record
TN:
SF:C:\Compass\Sprint-4\Semana-8\seubarriga\src\app.js
FN:20,(anonymous_0)
FN:24,(anonymous_1)
FNF:2
FNH:2
FNDA:1,(anonymous_0)
FNDA:34,(anonymous_1)
DA:1,7
DA:2,7
DA:3,7
DA:4,7
DA:7,7
DA:10,7
DA:12,7
DA:20,7
DA:21,1
DA:24,7
DA:25,34
DA:26,34
DA:27,34
DA:28,29
DA:29,5
DA:38,7
LF:16
LH:16
BRDA:26,0,0,29
BRDA:26,0,1,5
BRDA:27,1,0,5
BRDA:27,1,1,29
BRF:4
BRH:4
end_of_record
TN:
SF:C:\Compass\Sprint-4\Semana-8\seubarriga\src\config\middlewares.js
FN:3,(anonymous_0)
FNF:1
FNH:1
FNDA:7,(anonymous_0)
DA:1,7
DA:3,7
DA:4,7
LF:3
LH:3
BRF:0
BRH:0
end_of_record
TN:
SF:C:\Compass\Sprint-4\Semana-8\seubarriga\src\config\passport.js
FN:8,(anonymous_0)
FN:14,(anonymous_1)
FN:15,(anonymous_2)
FN:18,(anonymous_3)
FN:24,(anonymous_4)
FNF:5
FNH:4
FNDA:7,(anonymous_0)
FNDA:72,(anonymous_1)
FNDA:72,(anonymous_2)
FNDA:0,(anonymous_3)
FNDA:7,(anonymous_4)
DA:1,7
DA:2,7
DA:4,7
DA:6,7
DA:8,7
DA:9,7
DA:14,7
DA:15,72
DA:16,72
DA:17,0
DA:18,0
DA:21,7
DA:23,7
DA:24,7
LF:14
LH:12
BRDA:16,0,0,72
BRDA:16,0,1,0
BRF:2
BRH:1
end_of_record
TN:
SF:C:\Compass\Sprint-4\Semana-8\seubarriga\src\config\router.js
FN:3,(anonymous_0)
FN:15,(anonymous_1)
FNF:2
FNH:1
FNDA:7,(anonymous_0)
FNDA:0,(anonymous_1)
DA:1,7
DA:3,7
DA:4,7
DA:5,7
DA:7,7
DA:8,7
DA:9,7
DA:10,7
DA:11,7
DA:13,7
DA:15,7
DA:16,7
LF:12
LH:12
BRF:0
BRH:0
end_of_record
TN:
SF:C:\Compass\Sprint-4\Semana-8\seubarriga\src\errors\RecursoIndevidoError.js
FN:1,RecursoIndevidoError
FNF:1
FNH:1
FNDA:5,RecursoIndevidoError
DA:1,7
DA:2,5
DA:3,5
LF:3
LH:3
BRDA:1,0,0,5
BRF:1
BRH:1
end_of_record
TN:
SF:C:\Compass\Sprint-4\Semana-8\seubarriga\src\errors\ValidationError.js
FN:1,ValidationError
FNF:1
FNH:1
FNDA:29,ValidationError
DA:1,7
DA:2,29
DA:3,29
LF:3
LH:3
BRF:0
BRH:0
end_of_record
TN:
SF:C:\Compass\Sprint-4\Semana-8\seubarriga\src\routes\accounts_routes.js
FN:4,(anonymous_0)
FN:7,(anonymous_1)
FN:8,(anonymous_2)
FN:11,(anonymous_3)
FN:14,(anonymous_4)
FN:15,(anonymous_5)
FN:17,(anonymous_6)
FN:20,(anonymous_7)
FN:21,(anonymous_8)
FN:23,(anonymous_9)
FN:26,(anonymous_10)
FN:28,(anonymous_11)
FN:29,(anonymous_12)
FN:32,(anonymous_13)
FN:33,(anonymous_14)
FN:35,(anonymous_15)
FN:38,(anonymous_16)
FN:39,(anonymous_17)
FN:41,(anonymous_18)
FNF:19
FNH:16
FNDA:7,(anonymous_0)
FNDA:7,(anonymous_1)
FNDA:7,(anonymous_2)
FNDA:3,(anonymous_3)
FNDA:3,(anonymous_4)
FNDA:1,(anonymous_5)
FNDA:2,(anonymous_6)
FNDA:1,(anonymous_7)
FNDA:1,(anonymous_8)
FNDA:0,(anonymous_9)
FNDA:1,(anonymous_10)
FNDA:1,(anonymous_11)
FNDA:0,(anonymous_12)
FNDA:1,(anonymous_13)
FNDA:1,(anonymous_14)
FNDA:0,(anonymous_15)
FNDA:2,(anonymous_16)
FNDA:1,(anonymous_17)
FNDA:1,(anonymous_18)
DA:1,7
DA:2,7
DA:4,7
DA:5,7
DA:7,7
DA:8,7
DA:9,7
DA:10,4
DA:11,3
DA:14,7
DA:15,3
DA:16,1
DA:17,2
DA:20,7
DA:21,1
DA:22,1
DA:23,0
DA:26,7
DA:27,1
DA:28,1
DA:29,0
DA:32,7
DA:33,1
DA:34,1
DA:35,0
DA:38,7
DA:39,2
DA:40,1
DA:41,1
DA:44,7
LF:30
LH:27
BRDA:9,0,0,3
BRDA:9,0,1,4
BRF:2
BRH:2
end_of_record
TN:
SF:C:\Compass\Sprint-4\Semana-8\seubarriga\src\routes\auth_routes.js
FN:7,(anonymous_0)
FN:10,(anonymous_1)
FN:11,(anonymous_2)
FN:22,(anonymous_3)
FN:25,(anonymous_4)
FNF:5
FNH:5
FNDA:7,(anonymous_0)
FNDA:3,(anonymous_1)
FNDA:3,(anonymous_2)
FNDA:2,(anonymous_3)
FNDA:1,(anonymous_4)
DA:1,7
DA:2,7
DA:3,7
DA:4,7
DA:5,7
DA:7,7
DA:8,7
DA:10,7
DA:11,3
DA:12,3
DA:13,2
DA:14,1
DA:19,1
DA:20,1
DA:21,1
DA:22,2
DA:25,7
DA:26,1
DA:27,1
DA:28,1
DA:30,0
DA:34,7
LF:22
LH:21
BRDA:12,0,0,1
BRDA:12,0,1,2
BRDA:13,1,0,1
BRDA:13,1,1,1
BRF:4
BRH:4
end_of_record
TN:
SF:C:\Compass\Sprint-4\Semana-8\seubarriga\src\routes\balance_routes.js
FN:3,(anonymous_0)
FN:6,(anonymous_1)
FN:8,(anonymous_2)
FN:9,(anonymous_3)
FNF:4
FNH:3
FNDA:7,(anonymous_0)
FNDA:10,(anonymous_1)
FNDA:10,(anonymous_2)
FNDA:0,(anonymous_3)
DA:1,7
DA:3,7
DA:4,7
DA:6,7
DA:7,10
DA:8,10
DA:9,0
DA:12,7
LF:8
LH:7
BRF:0
BRH:0
end_of_record
TN:
SF:C:\Compass\Sprint-4\Semana-8\seubarriga\src\routes\transactions_routes.js
FN:4,(anonymous_0)
FN:7,(anonymous_1)
FN:8,(anonymous_2)
FN:11,(anonymous_3)
FN:14,(anonymous_4)
FN:16,(anonymous_5)
FN:17,(anonymous_6)
FN:20,(anonymous_7)
FN:22,(anonymous_8)
FN:23,(anonymous_9)
FN:26,(anonymous_10)
FN:28,(anonymous_11)
FN:29,(anonymous_12)
FN:32,(anonymous_13)
FN:34,(anonymous_14)
FN:35,(anonymous_15)
FN:38,(anonymous_16)
FN:39,(anonymous_17)
FN:39,(anonymous_18)
FNF:19
FNH:14
FNDA:7,(anonymous_0)
FNDA:4,(anonymous_1)
FNDA:4,(anonymous_2)
FNDA:1,(anonymous_3)
FNDA:1,(anonymous_4)
FNDA:1,(anonymous_5)
FNDA:0,(anonymous_6)
FNDA:17,(anonymous_7)
FNDA:11,(anonymous_8)
FNDA:0,(anonymous_9)
FNDA:1,(anonymous_10)
FNDA:1,(anonymous_11)
FNDA:0,(anonymous_12)
FNDA:1,(anonymous_13)
FNDA:1,(anonymous_14)
FNDA:0,(anonymous_15)
FNDA:1,(anonymous_16)
FNDA:1,(anonymous_17)
FNDA:0,(anonymous_18)
DA:1,7
DA:2,7
DA:4,7
DA:5,7
DA:7,7
DA:8,4
DA:9,4
DA:10,1
DA:11,1
DA:14,7
DA:15,1
DA:16,1
DA:17,0
DA:20,7
DA:21,17
DA:22,11
DA:23,0
DA:26,7
DA:27,1
DA:28,1
DA:29,0
DA:32,7
DA:33,1
DA:34,1
DA:35,0
DA:38,7
DA:39,1
DA:42,7
LF:28
LH:24
BRDA:9,0,0,3
BRDA:9,0,1,1
BRF:2
BRH:2
end_of_record
TN:
SF:C:\Compass\Sprint-4\Semana-8\seubarriga\src\routes\transfers_routes.js
FN:4,(anonymous_0)
FN:7,(anonymous_1)
FN:9,(anonymous_2)
FN:12,(anonymous_3)
FN:15,(anonymous_4)
FN:17,(anonymous_5)
FN:18,(anonymous_6)
FN:21,(anonymous_7)
FN:22,(anonymous_8)
FN:22,(anonymous_9)
FN:25,(anonymous_10)
FN:28,(anonymous_11)
FN:29,(anonymous_12)
FN:32,(anonymous_13)
FN:34,(anonymous_14)
FN:35,(anonymous_15)
FN:38,(anonymous_16)
FN:40,(anonymous_17)
FN:41,(anonymous_18)
FN:44,(anonymous_19)
FN:46,(anonymous_20)
FN:47,(anonymous_21)
FNF:22
FNH:17
FNDA:7,(anonymous_0)
FNDA:11,(anonymous_1)
FNDA:11,(anonymous_2)
FNDA:1,(anonymous_3)
FNDA:18,(anonymous_4)
FNDA:4,(anonymous_5)
FNDA:14,(anonymous_6)
FNDA:1,(anonymous_7)
FNDA:1,(anonymous_8)
FNDA:0,(anonymous_9)
FNDA:3,(anonymous_10)
FNDA:3,(anonymous_11)
FNDA:0,(anonymous_12)
FNDA:1,(anonymous_13)
FNDA:1,(anonymous_14)
FNDA:0,(anonymous_15)
FNDA:1,(anonymous_16)
FNDA:1,(anonymous_17)
FNDA:0,(anonymous_18)
FNDA:1,(anonymous_19)
FNDA:1,(anonymous_20)
FNDA:0,(anonymous_21)
DA:1,7
DA:2,7
DA:4,7
DA:5,7
DA:7,7
DA:8,11
DA:10,11
DA:11,10
DA:12,1
DA:15,7
DA:16,18
DA:17,4
DA:18,14
DA:21,7
DA:22,1
DA:25,7
DA:26,3
DA:27,3
DA:28,3
DA:29,0
DA:32,7
DA:33,1
DA:34,1
DA:35,0
DA:38,7
DA:39,1
DA:40,1
DA:41,0
DA:44,7
DA:45,1
DA:46,1
DA:47,0
DA:50,7
LF:33
LH:29
BRDA:10,0,0,1
BRDA:10,0,1,10
BRF:2
BRH:2
end_of_record
TN:
SF:C:\Compass\Sprint-4\Semana-8\seubarriga\src\routes\users_routes.js
FN:3,(anonymous_0)
FN:6,(anonymous_1)
FN:7,(anonymous_2)
FN:9,(anonymous_3)
FN:12,(anonymous_4)
FNF:5
FNH:4
FNDA:7,(anonymous_0)
FNDA:1,(anonymous_1)
FNDA:1,(anonymous_2)
FNDA:0,(anonymous_3)
FNDA:6,(anonymous_4)
DA:1,7
DA:3,7
DA:4,7
DA:6,7
DA:7,1
DA:8,1
DA:9,0
DA:12,7
DA:13,6
DA:14,6
DA:15,2
DA:17,4
DA:21,7
LF:13
LH:12
BRF:0
BRH:0
end_of_record
TN:
SF:C:\Compass\Sprint-4\Semana-8\seubarriga\src\seeds\01_transfer.js
FN:2,(anonymous_0)
FN:5,(anonymous_1)
FN:6,(anonymous_2)
FN:7,(anonymous_3)
FN:8,(anonymous_4)
FN:11,(anonymous_5)
FN:16,(anonymous_6)
FN:19,(anonymous_7)
FNF:8
FNH:8
FNDA:2,(anonymous_0)
FNDA:2,(anonymous_1)
FNDA:2,(anonymous_2)
FNDA:2,(anonymous_3)
FNDA:2,(anonymous_4)
FNDA:2,(anonymous_5)
FNDA:2,(anonymous_6)
FNDA:2,(anonymous_7)
DA:2,2
DA:4,2
DA:5,2
DA:6,2
DA:7,2
DA:8,2
DA:11,2
DA:16,2
DA:19,2
LF:9
LH:9
BRF:0
BRH:0
end_of_record
TN:
SF:C:\Compass\Sprint-4\Semana-8\seubarriga\src\seeds\02_balance.js
FN:3,(anonymous_0)
FN:9,(anonymous_1)
FN:17,(anonymous_2)
FN:21,(anonymous_3)
FNF:4
FNH:4
FNDA:2,(anonymous_0)
FNDA:2,(anonymous_1)
FNDA:2,(anonymous_2)
FNDA:2,(anonymous_3)
DA:1,2
DA:3,2
DA:4,2
DA:9,2
DA:17,2
DA:21,2
LF:6
LH:6
BRF:0
BRH:0
end_of_record
TN:
SF:C:\Compass\Sprint-4\Semana-8\seubarriga\src\services\account.js
FN:3,(anonymous_0)
FN:4,(anonymous_1)
FN:8,(anonymous_2)
FN:12,(anonymous_3)
FN:21,(anonymous_4)
FN:25,(anonymous_5)
FNF:6
FNH:6
FNDA:7,(anonymous_0)
FNDA:1,(anonymous_1)
FNDA:10,(anonymous_2)
FNDA:3,(anonymous_3)
FNDA:1,(anonymous_4)
FNDA:2,(anonymous_5)
DA:1,7
DA:3,7
DA:4,7
DA:5,1
DA:8,7
DA:9,10
DA:12,7
DA:13,3
DA:15,2
DA:16,2
DA:18,1
DA:21,7
DA:22,1
DA:25,7
DA:26,2
DA:27,2
DA:29,1
DA:32,7
LF:18
LH:18
BRDA:8,0,0,0
BRDA:13,1,0,1
BRDA:13,1,1,2
BRDA:16,2,0,1
BRDA:16,2,1,1
BRDA:27,3,0,1
BRDA:27,3,1,1
BRF:7
BRH:6
end_of_record
TN:
SF:C:\Compass\Sprint-4\Semana-8\seubarriga\src\services\balance.js
FN:1,(anonymous_0)
FN:2,(anonymous_1)
FNF:2
FNH:2
FNDA:7,(anonymous_0)
FNDA:10,(anonymous_1)
DA:1,7
DA:2,7
DA:3,10
DA:12,7
LF:4
LH:4
BRF:0
BRH:0
end_of_record
TN:
SF:C:\Compass\Sprint-4\Semana-8\seubarriga\src\services\transaction.js
FN:3,(anonymous_0)
FN:4,(anonymous_1)
FN:12,(anonymous_2)
FN:18,(anonymous_3)
FN:34,(anonymous_4)
FN:40,(anonymous_5)
FNF:6
FNH:6
FNDA:7,(anonymous_0)
FNDA:5,(anonymous_1)
FNDA:3,(anonymous_2)
FNDA:17,(anonymous_3)
FNDA:1,(anonymous_4)
FNDA:1,(anonymous_5)
DA:1,7
DA:3,7
DA:4,7
DA:5,5
DA:12,7
DA:13,3
DA:18,7
DA:19,17
DA:20,16
DA:21,15
DA:22,14
DA:23,13
DA:24,12
DA:26,11
DA:27,11
DA:28,6
DA:31,11
DA:34,7
DA:35,1
DA:40,7
DA:41,1
DA:44,7
LF:22
LH:22
BRDA:4,0,0,1
BRDA:19,1,0,1
BRDA:19,1,1,16
BRDA:20,2,0,1
BRDA:20,2,1,15
BRDA:21,3,0,1
BRDA:21,3,1,14
BRDA:22,4,0,1
BRDA:22,4,1,13
BRDA:23,5,0,1
BRDA:23,5,1,12
BRDA:24,6,0,1
BRDA:24,6,1,11
BRDA:24,7,0,12
BRDA:24,7,1,5
BRDA:27,8,0,6
BRDA:27,8,1,5
BRDA:27,9,0,11
BRDA:27,9,1,7
BRDA:27,9,2,9
BRDA:27,9,3,4
BRF:21
BRH:21
end_of_record
TN:
SF:C:\Compass\Sprint-4\Semana-8\seubarriga\src\services\transfer.js
FN:3,(anonymous_0)
FN:4,(anonymous_1)
FN:8,(anonymous_2)
FN:14,(anonymous_3)
FN:23,(anonymous_4)
FN:28,(anonymous_5)
FN:41,(anonymous_6)
FN:56,(anonymous_7)
FNF:8
FNH:8
FNDA:7,(anonymous_0)
FNDA:1,(anonymous_1)
FNDA:12,(anonymous_2)
FNDA:18,(anonymous_3)
FNDA:12,(anonymous_4)
FNDA:3,(anonymous_5)
FNDA:1,(anonymous_6)
FNDA:1,(anonymous_7)
DA:1,7
DA:3,7
DA:4,7
DA:5,1
DA:8,7
DA:9,12
DA:14,7
DA:15,18
DA:16,16
DA:17,14
DA:18,12
DA:19,10
DA:20,8
DA:22,6
DA:23,6
DA:24,12
DA:28,7
DA:29,3
DA:30,3
DA:32,3
DA:37,3
DA:38,3
DA:41,7
DA:42,1
DA:46,1
DA:51,1
DA:52,1
DA:53,1
DA:56,7
DA:57,1
DA:58,1
DA:61,7
LF:32
LH:32
BRDA:4,0,0,0
BRDA:8,1,0,0
BRDA:15,2,0,2
BRDA:15,2,1,16
BRDA:16,3,0,2
BRDA:16,3,1,14
BRDA:17,4,0,2
BRDA:17,4,1,12
BRDA:18,5,0,2
BRDA:18,5,1,10
BRDA:19,6,0,2
BRDA:19,6,1,8
BRDA:20,7,0,2
BRDA:20,7,1,6
BRDA:24,8,0,2
BRDA:24,8,1,10
BRF:16
BRH:14
end_of_record
TN:
SF:C:\Compass\Sprint-4\Semana-8\seubarriga\src\services\user.js
FN:4,(anonymous_0)
FN:5,(anonymous_1)
FN:9,(anonymous_2)
FN:13,(anonymous_3)
FN:18,(anonymous_4)
FNF:5
FNH:5
FNDA:7,(anonymous_0)
FNDA:1,(anonymous_1)
FNDA:85,(anonymous_2)
FNDA:8,(anonymous_3)
FNDA:12,(anonymous_4)
DA:1,7
DA:2,7
DA:4,7
DA:5,7
DA:6,1
DA:9,7
DA:10,85
DA:13,7
DA:14,8
DA:15,8
DA:18,7
DA:19,12
DA:20,11
DA:21,10
DA:23,9
DA:24,9
DA:26,8
DA:27,8
DA:28,8
DA:31,7
LF:20
LH:20
BRDA:9,0,0,0
BRDA:19,1,0,1
BRDA:19,1,1,11
BRDA:20,2,0,1
BRDA:20,2,1,10
BRDA:21,3,0,1
BRDA:21,3,1,9
BRDA:24,4,0,1
BRDA:24,4,1,8
BRF:9
BRH:8
end_of_record
